<?xml version="1.0" encoding="utf-8"?>
<EntityDescriptor ID="_e7c3aea3-906a-44f7-9edf-50546d8acd5e" entityID="https://sts.windows.net/873700c6-9816-4140-84ee-2d8292bf32e3/" xmlns="urn:oasis:names:tc:SAML:2.0:metadata">
	<Signature xmlns="http://www.w3.org/2000/09/xmldsig#">
		<SignedInfo>
			<CanonicalizationMethod Algorithm="http://www.w3.org/2001/10/xml-exc-c14n#" />
			<SignatureMethod Algorithm="http://www.w3.org/2001/04/xmldsig-more#rsa-sha256" />
			<Reference URI="#_e7c3aea3-906a-44f7-9edf-50546d8acd5e">
				<Transforms>
					<Transform Algorithm="http://www.w3.org/2000/09/xmldsig#enveloped-signature" />
					<Transform Algorithm="http://www.w3.org/2001/10/xml-exc-c14n#" />
				</Transforms>
				<DigestMethod Algorithm="http://www.w3.org/2001/04/xmlenc#sha256" />
				<DigestValue>OPLOSdubFIjXYE0W3vcbr/36rrkYD8HWi/eLFMksxEk=</DigestValue>
			</Reference>
		</SignedInfo>
		<SignatureValue>AJ/EP7Fl4QJ6bivVbzPrBmLUJPQnv0zxqYXWbdsvn/0YQ/borDz91oHLkOpZgJVfrr3WHh2n6zZniNhbK7Z6HR3c42K73zsb6I4mSyvs2SS9EOgP8ANkrvssq7gq9Mguuu3+4+VHZpKok6myzwdvoCDlT+zeA+nEXNPzo8deFo+JuW+ig7EsROYfB8Xa4p0VzrAch++ERI9bWUCPk2oiupNt1xz862z21gTtFpabvqO+w2qIO73dNyyn1cDL7P5JW89xLyv9JJC6vYYUOQcKL8c8l+oEwKUQjwrslvKSSwW0IxYgTyjZ6qRWcuadA0rhKMwq1GDjlQGBkTuXH2qdNw==</SignatureValue>
		<KeyInfo>
			<ds:X509Data xmlns:ds="http://www.w3.org/2000/09/xmldsig#">
				<ds:X509Certificate>MIIC8DCCAdigAwIBAgIQNpgkBhY6NJFGWtoNyzJbiTANBgkqhkiG9w0BAQsFADA0MTIwMAYDVQQDEylNaWNyb3NvZnQgQXp1cmUgRmVkZXJhdGVkIFNTTyBDZXJ0aWZpY2F0ZTAeFw0yNDAzMjgxMTU4NDlaFw0yNzAzMjgxMDU4NDFaMDQxMjAwBgNVBAMTKU1pY3Jvc29mdCBBenVyZSBGZWRlcmF0ZWQgU1NPIENlcnRpZmljYXRlMIIBIjANBgkqhkiG9w0BAQEFAAOCAQ8AMIIBCgKCAQEA5FtzX1LP/4mmC5FqFRSK9Xg4Itb+dlROpcf5vFVUb9O6eQOQFds5mX3VijxWbJg/UdOPp5xioKvhKdaim+RAJ5b5BtNUA347GWUWLiXgJFVc+fnsMbbDd/jLVJZyy/IPy+xLi+tY9aaLzYb45bYp2OtAP+OfZH8m5773OaVAzRDTbRAnfmXslqyyUxhO1+CPO11qHiXlTDahLPbsn9l8j6Ofto1MRIwvxVka3v3UaZciqjLW1RzN0ZVRiwzUioR1AE88Xt9TCEagZMLFZIBlVphjaBSKCImQaT6w4bjwB2x0UvPlp5L72dmaUrK+U23cKM4CTPiBo9nvn6uQDwyP0QIDAQABMA0GCSqGSIb3DQEBCwUAA4IBAQCigVK7UlJnu5XlgbFzp6++6PNe+33OWyuX+rhGotSG8XRVocijHpmMEMHIEhddbOQ18i1A/IGesyALVVEWsWJQWyzVgAEQ5Ynx5Pdpx64TeflKpQIWIu5Ox1q+ByPsfuhVdcQxr31EkL85jVyXVMM9UVBxfo+o2U/e2rVQuVBNdzHBFeM1jKQGZ8/dybxfs7IKFrNrQdS0/HzI+vAnYFnEpK/slaZ0+rxo+jBXHoWICoRtg2MQvCv1uHjY1NIBR5c4AYR6bEqX4QwfIkZQ7duidjqvlJz8WAl8JRT3U6MHbp0A0UKQQSjqd0HRNiYuQHV1y7cO18yCF/rj7CTcR/P0</ds:X509Certificate>
			</ds:X509Data>
		</KeyInfo>
	</Signature>
	<RoleDescriptor xsi:type="fed:SecurityTokenServiceType" protocolSupportEnumeration="http://docs.oasis-open.org/wsfed/federation/200706" xmlns:xsi="http://www.w3.org/2001/XMLSchema-instance" xmlns:fed="http://docs.oasis-open.org/wsfed/federation/200706">
		<KeyDescriptor use="signing">
			<KeyInfo xmlns="http://www.w3.org/2000/09/xmldsig#">
				<X509Data>
					<X509Certificate>MIIC8DCCAdigAwIBAgIQNpgkBhY6NJFGWtoNyzJbiTANBgkqhkiG9w0BAQsFADA0MTIwMAYDVQQDEylNaWNyb3NvZnQgQXp1cmUgRmVkZXJhdGVkIFNTTyBDZXJ0aWZpY2F0ZTAeFw0yNDAzMjgxMTU4NDlaFw0yNzAzMjgxMDU4NDFaMDQxMjAwBgNVBAMTKU1pY3Jvc29mdCBBenVyZSBGZWRlcmF0ZWQgU1NPIENlcnRpZmljYXRlMIIBIjANBgkqhkiG9w0BAQEFAAOCAQ8AMIIBCgKCAQEA5FtzX1LP/4mmC5FqFRSK9Xg4Itb+dlROpcf5vFVUb9O6eQOQFds5mX3VijxWbJg/UdOPp5xioKvhKdaim+RAJ5b5BtNUA347GWUWLiXgJFVc+fnsMbbDd/jLVJZyy/IPy+xLi+tY9aaLzYb45bYp2OtAP+OfZH8m5773OaVAzRDTbRAnfmXslqyyUxhO1+CPO11qHiXlTDahLPbsn9l8j6Ofto1MRIwvxVka3v3UaZciqjLW1RzN0ZVRiwzUioR1AE88Xt9TCEagZMLFZIBlVphjaBSKCImQaT6w4bjwB2x0UvPlp5L72dmaUrK+U23cKM4CTPiBo9nvn6uQDwyP0QIDAQABMA0GCSqGSIb3DQEBCwUAA4IBAQCigVK7UlJnu5XlgbFzp6++6PNe+33OWyuX+rhGotSG8XRVocijHpmMEMHIEhddbOQ18i1A/IGesyALVVEWsWJQWyzVgAEQ5Ynx5Pdpx64TeflKpQIWIu5Ox1q+ByPsfuhVdcQxr31EkL85jVyXVMM9UVBxfo+o2U/e2rVQuVBNdzHBFeM1jKQGZ8/dybxfs7IKFrNrQdS0/HzI+vAnYFnEpK/slaZ0+rxo+jBXHoWICoRtg2MQvCv1uHjY1NIBR5c4AYR6bEqX4QwfIkZQ7duidjqvlJz8WAl8JRT3U6MHbp0A0UKQQSjqd0HRNiYuQHV1y7cO18yCF/rj7CTcR/P0</X509Certificate>
				</X509Data>
			</KeyInfo>
		</KeyDescriptor>
		<fed:ClaimTypesOffered>
			<auth:ClaimType Uri="http://schemas.xmlsoap.org/ws/2005/05/identity/claims/name" xmlns:auth="http://docs.oasis-open.org/wsfed/authorization/200706">
				<auth:DisplayName>Name</auth:DisplayName>
				<auth:Description>The mutable display name of the user.</auth:Description>
			</auth:ClaimType>
			<auth:ClaimType Uri="http://schemas.xmlsoap.org/ws/2005/05/identity/claims/nameidentifier" xmlns:auth="http://docs.oasis-open.org/wsfed/authorization/200706">
				<auth:DisplayName>Subject</auth:DisplayName>
				<auth:Description>An immutable, globally unique, non-reusable identifier of the user that is unique to the application for which a token is issued.</auth:Description>
			</auth:ClaimType>
			<auth:ClaimType Uri="http://schemas.xmlsoap.org/ws/2005/05/identity/claims/givenname" xmlns:auth="http://docs.oasis-open.org/wsfed/authorization/200706">
				<auth:DisplayName>Given Name</auth:DisplayName>
				<auth:Description>First name of the user.</auth:Description>
			</auth:ClaimType>
			<auth:ClaimType Uri="http://schemas.xmlsoap.org/ws/2005/05/identity/claims/surname" xmlns:auth="http://docs.oasis-open.org/wsfed/authorization/200706">
				<auth:DisplayName>Surname</auth:DisplayName>
				<auth:Description>Last name of the user.</auth:Description>
			</auth:ClaimType>
			<auth:ClaimType Uri="http://schemas.microsoft.com/identity/claims/displayname" xmlns:auth="http://docs.oasis-open.org/wsfed/authorization/200706">
				<auth:DisplayName>Display Name</auth:DisplayName>
				<auth:Description>Display name of the user.</auth:Description>
			</auth:ClaimType>
			<auth:ClaimType Uri="http://schemas.microsoft.com/identity/claims/nickname" xmlns:auth="http://docs.oasis-open.org/wsfed/authorization/200706">
				<auth:DisplayName>Nick Name</auth:DisplayName>
				<auth:Description>Nick name of the user.</auth:Description>
			</auth:ClaimType>
			<auth:ClaimType Uri="http://schemas.microsoft.com/ws/2008/06/identity/claims/authenticationinstant" xmlns:auth="http://docs.oasis-open.org/wsfed/authorization/200706">
				<auth:DisplayName>Authentication Instant</auth:DisplayName>
				<auth:Description>The time (UTC) when the user is authenticated to Windows Azure Active Directory.</auth:Description>
			</auth:ClaimType>
			<auth:ClaimType Uri="http://schemas.microsoft.com/ws/2008/06/identity/claims/authenticationmethod" xmlns:auth="http://docs.oasis-open.org/wsfed/authorization/200706">
				<auth:DisplayName>Authentication Method</auth:DisplayName>
				<auth:Description>The method that Windows Azure Active Directory uses to authenticate users.</auth:Description>
			</auth:ClaimType>
			<auth:ClaimType Uri="http://schemas.microsoft.com/identity/claims/objectidentifier" xmlns:auth="http://docs.oasis-open.org/wsfed/authorization/200706">
				<auth:DisplayName>ObjectIdentifier</auth:DisplayName>
				<auth:Description>Primary identifier for the user in the directory. Immutable, globally unique, non-reusable.</auth:Description>
			</auth:ClaimType>
			<auth:ClaimType Uri="http://schemas.microsoft.com/identity/claims/tenantid" xmlns:auth="http://docs.oasis-open.org/wsfed/authorization/200706">
				<auth:DisplayName>TenantId</auth:DisplayName>
				<auth:Description>Identifier for the user's tenant.</auth:Description>
			</auth:ClaimType>
			<auth:ClaimType Uri="http://schemas.microsoft.com/identity/claims/identityprovider" xmlns:auth="http://docs.oasis-open.org/wsfed/authorization/200706">
				<auth:DisplayName>IdentityProvider</auth:DisplayName>
				<auth:Description>Identity provider for the user.</auth:Description>
			</auth:ClaimType>
			<auth:ClaimType Uri="http://schemas.xmlsoap.org/ws/2005/05/identity/claims/emailaddress" xmlns:auth="http://docs.oasis-open.org/wsfed/authorization/200706">
				<auth:DisplayName>Email</auth:DisplayName>
				<auth:Description>Email address of the user.</auth:Description>
			</auth:ClaimType>
			<auth:ClaimType Uri="http://schemas.microsoft.com/ws/2008/06/identity/claims/groups" xmlns:auth="http://docs.oasis-open.org/wsfed/authorization/200706">
				<auth:DisplayName>Groups</auth:DisplayName>
				<auth:Description>Groups of the user.</auth:Description>
			</auth:ClaimType>
			<auth:ClaimType Uri="http://schemas.microsoft.com/identity/claims/accesstoken" xmlns:auth="http://docs.oasis-open.org/wsfed/authorization/200706">
				<auth:DisplayName>External Access Token</auth:DisplayName>
				<auth:Description>Access token issued by external identity provider.</auth:Description>
			</auth:ClaimType>
			<auth:ClaimType Uri="http://schemas.microsoft.com/ws/2008/06/identity/claims/expiration" xmlns:auth="http://docs.oasis-open.org/wsfed/authorization/200706">
				<auth:DisplayName>External Access Token Expiration</auth:DisplayName>
				<auth:Description>UTC expiration time of access token issued by external identity provider.</auth:Description>
			</auth:ClaimType>
			<auth:ClaimType Uri="http://schemas.microsoft.com/identity/claims/openid2_id" xmlns:auth="http://docs.oasis-open.org/wsfed/authorization/200706">
				<auth:DisplayName>External OpenID 2.0 Identifier</auth:DisplayName>
				<auth:Description>OpenID 2.0 identifier issued by external identity provider.</auth:Description>
			</auth:ClaimType>
			<auth:ClaimType Uri="http://schemas.microsoft.com/claims/groups.link" xmlns:auth="http://docs.oasis-open.org/wsfed/authorization/200706">
				<auth:DisplayName>GroupsOverageClaim</auth:DisplayName>
				<auth:Description>Issued when number of user's group claims exceeds return limit.</auth:Description>
			</auth:ClaimType>
			<auth:ClaimType Uri="http://schemas.microsoft.com/ws/2008/06/identity/claims/role" xmlns:auth="http://docs.oasis-open.org/wsfed/authorization/200706">
				<auth:DisplayName>Role Claim</auth:DisplayName>
				<auth:Description>Roles that the user or Service Principal is attached to</auth:Description>
			</auth:ClaimType>
			<auth:ClaimType Uri="http://schemas.microsoft.com/ws/2008/06/identity/claims/wids" xmlns:auth="http://docs.oasis-open.org/wsfed/authorization/200706">
				<auth:DisplayName>RoleTemplate Id Claim</auth:DisplayName>
				<auth:Description>Role template id of the Built-in Directory Roles that the user is a member of</auth:Description>
			</auth:ClaimType>
		</fed:ClaimTypesOffered>
		<fed:SecurityTokenServiceEndpoint>
			<wsa:EndpointReference xmlns:wsa="http://www.w3.org/2005/08/addressing">
				<wsa:Address>https://login.microsoftonline.com/873700c6-9816-4140-84ee-2d8292bf32e3/wsfed</wsa:Address>
			</wsa:EndpointReference>
		</fed:SecurityTokenServiceEndpoint>
		<fed:PassiveRequestorEndpoint>
			<wsa:EndpointReference xmlns:wsa="http://www.w3.org/2005/08/addressing">
				<wsa:Address>https://login.microsoftonline.com/873700c6-9816-4140-84ee-2d8292bf32e3/wsfed</wsa:Address>
			</wsa:EndpointReference>
		</fed:PassiveRequestorEndpoint>
	</RoleDescriptor>
	<RoleDescriptor xsi:type="fed:ApplicationServiceType" protocolSupportEnumeration="http://docs.oasis-open.org/wsfed/federation/200706" xmlns:xsi="http://www.w3.org/2001/XMLSchema-instance" xmlns:fed="http://docs.oasis-open.org/wsfed/federation/200706">
		<KeyDescriptor use="signing">
			<KeyInfo xmlns="http://www.w3.org/2000/09/xmldsig#">
				<X509Data>
					<X509Certificate>MIIC8DCCAdigAwIBAgIQNpgkBhY6NJFGWtoNyzJbiTANBgkqhkiG9w0BAQsFADA0MTIwMAYDVQQDEylNaWNyb3NvZnQgQXp1cmUgRmVkZXJhdGVkIFNTTyBDZXJ0aWZpY2F0ZTAeFw0yNDAzMjgxMTU4NDlaFw0yNzAzMjgxMDU4NDFaMDQxMjAwBgNVBAMTKU1pY3Jvc29mdCBBenVyZSBGZWRlcmF0ZWQgU1NPIENlcnRpZmljYXRlMIIBIjANBgkqhkiG9w0BAQEFAAOCAQ8AMIIBCgKCAQEA5FtzX1LP/4mmC5FqFRSK9Xg4Itb+dlROpcf5vFVUb9O6eQOQFds5mX3VijxWbJg/UdOPp5xioKvhKdaim+RAJ5b5BtNUA347GWUWLiXgJFVc+fnsMbbDd/jLVJZyy/IPy+xLi+tY9aaLzYb45bYp2OtAP+OfZH8m5773OaVAzRDTbRAnfmXslqyyUxhO1+CPO11qHiXlTDahLPbsn9l8j6Ofto1MRIwvxVka3v3UaZciqjLW1RzN0ZVRiwzUioR1AE88Xt9TCEagZMLFZIBlVphjaBSKCImQaT6w4bjwB2x0UvPlp5L72dmaUrK+U23cKM4CTPiBo9nvn6uQDwyP0QIDAQABMA0GCSqGSIb3DQEBCwUAA4IBAQCigVK7UlJnu5XlgbFzp6++6PNe+33OWyuX+rhGotSG8XRVocijHpmMEMHIEhddbOQ18i1A/IGesyALVVEWsWJQWyzVgAEQ5Ynx5Pdpx64TeflKpQIWIu5Ox1q+ByPsfuhVdcQxr31EkL85jVyXVMM9UVBxfo+o2U/e2rVQuVBNdzHBFeM1jKQGZ8/dybxfs7IKFrNrQdS0/HzI+vAnYFnEpK/slaZ0+rxo+jBXHoWICoRtg2MQvCv1uHjY1NIBR5c4AYR6bEqX4QwfIkZQ7duidjqvlJz8WAl8JRT3U6MHbp0A0UKQQSjqd0HRNiYuQHV1y7cO18yCF/rj7CTcR/P0</X509Certificate>
				</X509Data>
			</KeyInfo>
		</KeyDescriptor>
		<fed:TargetScopes>
			<wsa:EndpointReference xmlns:wsa="http://www.w3.org/2005/08/addressing">
				<wsa:Address>https://sts.windows.net/873700c6-9816-4140-84ee-2d8292bf32e3/</wsa:Address>
			</wsa:EndpointReference>
		</fed:TargetScopes>
		<fed:ApplicationServiceEndpoint>
			<wsa:EndpointReference xmlns:wsa="http://www.w3.org/2005/08/addressing">
				<wsa:Address>https://login.microsoftonline.com/873700c6-9816-4140-84ee-2d8292bf32e3/wsfed</wsa:Address>
			</wsa:EndpointReference>
		</fed:ApplicationServiceEndpoint>
		<fed:PassiveRequestorEndpoint>
			<wsa:EndpointReference xmlns:wsa="http://www.w3.org/2005/08/addressing">
				<wsa:Address>https://login.microsoftonline.com/873700c6-9816-4140-84ee-2d8292bf32e3/wsfed</wsa:Address>
			</wsa:EndpointReference>
		</fed:PassiveRequestorEndpoint>
	</RoleDescriptor>
	<IDPSSODescriptor protocolSupportEnumeration="urn:oasis:names:tc:SAML:2.0:protocol">
		<KeyDescriptor use="signing">
			<KeyInfo xmlns="http://www.w3.org/2000/09/xmldsig#">
				<X509Data>
					<X509Certificate>MIIC8DCCAdigAwIBAgIQNpgkBhY6NJFGWtoNyzJbiTANBgkqhkiG9w0BAQsFADA0MTIwMAYDVQQDEylNaWNyb3NvZnQgQXp1cmUgRmVkZXJhdGVkIFNTTyBDZXJ0aWZpY2F0ZTAeFw0yNDAzMjgxMTU4NDlaFw0yNzAzMjgxMDU4NDFaMDQxMjAwBgNVBAMTKU1pY3Jvc29mdCBBenVyZSBGZWRlcmF0ZWQgU1NPIENlcnRpZmljYXRlMIIBIjANBgkqhkiG9w0BAQEFAAOCAQ8AMIIBCgKCAQEA5FtzX1LP/4mmC5FqFRSK9Xg4Itb+dlROpcf5vFVUb9O6eQOQFds5mX3VijxWbJg/UdOPp5xioKvhKdaim+RAJ5b5BtNUA347GWUWLiXgJFVc+fnsMbbDd/jLVJZyy/IPy+xLi+tY9aaLzYb45bYp2OtAP+OfZH8m5773OaVAzRDTbRAnfmXslqyyUxhO1+CPO11qHiXlTDahLPbsn9l8j6Ofto1MRIwvxVka3v3UaZciqjLW1RzN0ZVRiwzUioR1AE88Xt9TCEagZMLFZIBlVphjaBSKCImQaT6w4bjwB2x0UvPlp5L72dmaUrK+U23cKM4CTPiBo9nvn6uQDwyP0QIDAQABMA0GCSqGSIb3DQEBCwUAA4IBAQCigVK7UlJnu5XlgbFzp6++6PNe+33OWyuX+rhGotSG8XRVocijHpmMEMHIEhddbOQ18i1A/IGesyALVVEWsWJQWyzVgAEQ5Ynx5Pdpx64TeflKpQIWIu5Ox1q+ByPsfuhVdcQxr31EkL85jVyXVMM9UVBxfo+o2U/e2rVQuVBNdzHBFeM1jKQGZ8/dybxfs7IKFrNrQdS0/HzI+vAnYFnEpK/slaZ0+rxo+jBXHoWICoRtg2MQvCv1uHjY1NIBR5c4AYR6bEqX4QwfIkZQ7duidjqvlJz8WAl8JRT3U6MHbp0A0UKQQSjqd0HRNiYuQHV1y7cO18yCF/rj7CTcR/P0</X509Certificate>
				</X509Data>
			</KeyInfo>
		</KeyDescriptor>
		<SingleLogoutService Binding="urn:oasis:names:tc:SAML:2.0:bindings:HTTP-Redirect" Location="https://login.microsoftonline.com/873700c6-9816-4140-84ee-2d8292bf32e3/saml2" />
		<SingleSignOnService Binding="urn:oasis:names:tc:SAML:2.0:bindings:HTTP-Redirect" Location="https://login.microsoftonline.com/873700c6-9816-4140-84ee-2d8292bf32e3/saml2" />
		<SingleSignOnService Binding="urn:oasis:names:tc:SAML:2.0:bindings:HTTP-POST" Location="https://login.microsoftonline.com/873700c6-9816-4140-84ee-2d8292bf32e3/saml2" />
	</IDPSSODescriptor>
</EntityDescriptor>