<?xml version="1.0" encoding="utf-8"?>
<EntityDescriptor ID="_74e2cfba-6a6a-4937-bbb9-595a03479045" entityID="https://sts.windows.net/873700c6-9816-4140-84ee-2d8292bf32e3/" xmlns="urn:oasis:names:tc:SAML:2.0:metadata">
	<Signature xmlns="http://www.w3.org/2000/09/xmldsig#">
		<SignedInfo>
			<CanonicalizationMethod Algorithm="http://www.w3.org/2001/10/xml-exc-c14n#" />
			<SignatureMethod Algorithm="http://www.w3.org/2001/04/xmldsig-more#rsa-sha256" />
			<Reference URI="#_74e2cfba-6a6a-4937-bbb9-595a03479045">
				<Transforms>
					<Transform Algorithm="http://www.w3.org/2000/09/xmldsig#enveloped-signature" />
					<Transform Algorithm="http://www.w3.org/2001/10/xml-exc-c14n#" />
				</Transforms>
				<DigestMethod Algorithm="http://www.w3.org/2001/04/xmlenc#sha256" />
				<DigestValue>/4Bk67F4RaFHcmg+Mnh3MVj0saEfcwtlPSOi/uzMFWQ=</DigestValue>
			</Reference>
		</SignedInfo>
		<SignatureValue>XTR1GsSN4EVnu+Fmus8MSLyHyCBFCnZFmr1Uj/SqJBtcWaNAP7gvsLtQ6wASKT5USGiqwc7DavKCUDjDV9UiW3qejiZFrkvMtbCSsiyFZU3DkX8Obw/xkF2G0cVjzQQbozsJf/IILJzdIw5SPawwR4HoGCN4gXHf155DfcRF4FzbPjjkyv/PjdR6evhwM5whHo0a6SBuF479fi6faiLNG8gpqw0Tl2HnbLRoxpvAUyjFITbTT0CYD0xNIaJn/Amar4Silj6IY2phyMELcRbeRkNRFlxx5y9TvZLBISeeslMAWVsXLwpaL2xGOrx4PVVmgU2yvTbacvkdkxo5D3ekDQ==</SignatureValue>
		<KeyInfo>
			<ds:X509Data xmlns:ds="http://www.w3.org/2000/09/xmldsig#">
				<ds:X509Certificate>MIIC8DCCAdigAwIBAgIQW/QRrToH/INHSOaGwJGCfjANBgkqhkiG9w0BAQsFADA0MTIwMAYDVQQDEylNaWNyb3NvZnQgQXp1cmUgRmVkZXJhdGVkIFNTTyBDZXJ0aWZpY2F0ZTAeFw0yNDAzMjQxNjAyMTdaFw0yNzAzMjQxNjAyMTdaMDQxMjAwBgNVBAMTKU1pY3Jvc29mdCBBenVyZSBGZWRlcmF0ZWQgU1NPIENlcnRpZmljYXRlMIIBIjANBgkqhkiG9w0BAQEFAAOCAQ8AMIIBCgKCAQEAzG9RcLNf8VtD36BSpSftgQmNocOovGvhY5FhEQMS041YnWvWxhVkUA3mMFNRCqhroyeZymNKB4l/wbU0Qh29QkgyVBUTeLtBOIsGjSkVEyxZOXWryb0hTGxuxUhYeo8HsdK8GRBssnGSuQ2WbMKzOlWD2HP10N5ErMXVKSB7EfCTeBH1SfaYbUXGJ3wbto+R8/xtGSFCxrjZetBp14+Iqu1TrKGS39L5r40my288ijCOKBzTFeUYn/RIDuHIMQMvqF5AzH7D9ThvuwMGwc7/k+McAI73eP7fl+mk0soJCrng4PfWzMKKGDSjky8+Xd8OzY/pQsJX3yHSwFf0wXSjcQIDAQABMA0GCSqGSIb3DQEBCwUAA4IBAQAG4A7181MSeJ0/7i3JupChrq0cPYdCvgxlXQelgcsYOpHAfkL0RI5vLtkIEJJOEyal2/rFpJL+dg82tk0UmjaB+7tpUNDNIvsjKui7DvL65vkol36PwHcWhWVHGwe9CfhkeyLy3XYw4vw4O+dcvaMKc2E2IXXXOTRD76dWyUwLCahohh2FFD0bPqLeyPRIVi8y8bKv1sF4mFNOGj7XRDJuq1HwOAyUTJNqP/WpKSa35c0NYUIy+QUnvgmzB6UjmwbG6/giYUeMDktwMUXHZRsF0bJWUJYOEq0TnkpUZcEYWVuGDu4FEUr5gTE6mX4HDhDYiVsSXpuGIPz7WytU8P6z</ds:X509Certificate>
			</ds:X509Data>
		</KeyInfo>
	</Signature>
	<RoleDescriptor xsi:type="fed:SecurityTokenServiceType" protocolSupportEnumeration="http://docs.oasis-open.org/wsfed/federation/200706" xmlns:xsi="http://www.w3.org/2001/XMLSchema-instance" xmlns:fed="http://docs.oasis-open.org/wsfed/federation/200706">
		<KeyDescriptor use="signing">
			<KeyInfo xmlns="http://www.w3.org/2000/09/xmldsig#">
				<X509Data>
					<X509Certificate>MIIC8DCCAdigAwIBAgIQW/QRrToH/INHSOaGwJGCfjANBgkqhkiG9w0BAQsFADA0MTIwMAYDVQQDEylNaWNyb3NvZnQgQXp1cmUgRmVkZXJhdGVkIFNTTyBDZXJ0aWZpY2F0ZTAeFw0yNDAzMjQxNjAyMTdaFw0yNzAzMjQxNjAyMTdaMDQxMjAwBgNVBAMTKU1pY3Jvc29mdCBBenVyZSBGZWRlcmF0ZWQgU1NPIENlcnRpZmljYXRlMIIBIjANBgkqhkiG9w0BAQEFAAOCAQ8AMIIBCgKCAQEAzG9RcLNf8VtD36BSpSftgQmNocOovGvhY5FhEQMS041YnWvWxhVkUA3mMFNRCqhroyeZymNKB4l/wbU0Qh29QkgyVBUTeLtBOIsGjSkVEyxZOXWryb0hTGxuxUhYeo8HsdK8GRBssnGSuQ2WbMKzOlWD2HP10N5ErMXVKSB7EfCTeBH1SfaYbUXGJ3wbto+R8/xtGSFCxrjZetBp14+Iqu1TrKGS39L5r40my288ijCOKBzTFeUYn/RIDuHIMQMvqF5AzH7D9ThvuwMGwc7/k+McAI73eP7fl+mk0soJCrng4PfWzMKKGDSjky8+Xd8OzY/pQsJX3yHSwFf0wXSjcQIDAQABMA0GCSqGSIb3DQEBCwUAA4IBAQAG4A7181MSeJ0/7i3JupChrq0cPYdCvgxlXQelgcsYOpHAfkL0RI5vLtkIEJJOEyal2/rFpJL+dg82tk0UmjaB+7tpUNDNIvsjKui7DvL65vkol36PwHcWhWVHGwe9CfhkeyLy3XYw4vw4O+dcvaMKc2E2IXXXOTRD76dWyUwLCahohh2FFD0bPqLeyPRIVi8y8bKv1sF4mFNOGj7XRDJuq1HwOAyUTJNqP/WpKSa35c0NYUIy+QUnvgmzB6UjmwbG6/giYUeMDktwMUXHZRsF0bJWUJYOEq0TnkpUZcEYWVuGDu4FEUr5gTE6mX4HDhDYiVsSXpuGIPz7WytU8P6z</X509Certificate>
				</X509Data>
			</KeyInfo>
		</KeyDescriptor>
		<fed:ClaimTypesOffered>
			<auth:ClaimType Uri="http://schemas.xmlsoap.org/ws/2005/05/identity/claims/name" xmlns:auth="http://docs.oasis-open.org/wsfed/authorization/200706">
				<auth:DisplayName>Name</auth:DisplayName>
				<auth:Description>The mutable display name of the user.</auth:Description>
			</auth:ClaimType>
			<auth:ClaimType Uri="http://schemas.xmlsoap.org/ws/2005/05/identity/claims/nameidentifier" xmlns:auth="http://docs.oasis-open.org/wsfed/authorization/200706">
				<auth:DisplayName>Subject</auth:DisplayName>
				<auth:Description>An immutable, globally unique, non-reusable identifier of the user that is unique to the application for which a token is issued.</auth:Description>
			</auth:ClaimType>
			<auth:ClaimType Uri="http://schemas.xmlsoap.org/ws/2005/05/identity/claims/givenname" xmlns:auth="http://docs.oasis-open.org/wsfed/authorization/200706">
				<auth:DisplayName>Given Name</auth:DisplayName>
				<auth:Description>First name of the user.</auth:Description>
			</auth:ClaimType>
			<auth:ClaimType Uri="http://schemas.xmlsoap.org/ws/2005/05/identity/claims/surname" xmlns:auth="http://docs.oasis-open.org/wsfed/authorization/200706">
				<auth:DisplayName>Surname</auth:DisplayName>
				<auth:Description>Last name of the user.</auth:Description>
			</auth:ClaimType>
			<auth:ClaimType Uri="http://schemas.microsoft.com/identity/claims/displayname" xmlns:auth="http://docs.oasis-open.org/wsfed/authorization/200706">
				<auth:DisplayName>Display Name</auth:DisplayName>
				<auth:Description>Display name of the user.</auth:Description>
			</auth:ClaimType>
			<auth:ClaimType Uri="http://schemas.microsoft.com/identity/claims/nickname" xmlns:auth="http://docs.oasis-open.org/wsfed/authorization/200706">
				<auth:DisplayName>Nick Name</auth:DisplayName>
				<auth:Description>Nick name of the user.</auth:Description>
			</auth:ClaimType>
			<auth:ClaimType Uri="http://schemas.microsoft.com/ws/2008/06/identity/claims/authenticationinstant" xmlns:auth="http://docs.oasis-open.org/wsfed/authorization/200706">
				<auth:DisplayName>Authentication Instant</auth:DisplayName>
				<auth:Description>The time (UTC) when the user is authenticated to Windows Azure Active Directory.</auth:Description>
			</auth:ClaimType>
			<auth:ClaimType Uri="http://schemas.microsoft.com/ws/2008/06/identity/claims/authenticationmethod" xmlns:auth="http://docs.oasis-open.org/wsfed/authorization/200706">
				<auth:DisplayName>Authentication Method</auth:DisplayName>
				<auth:Description>The method that Windows Azure Active Directory uses to authenticate users.</auth:Description>
			</auth:ClaimType>
			<auth:ClaimType Uri="http://schemas.microsoft.com/identity/claims/objectidentifier" xmlns:auth="http://docs.oasis-open.org/wsfed/authorization/200706">
				<auth:DisplayName>ObjectIdentifier</auth:DisplayName>
				<auth:Description>Primary identifier for the user in the directory. Immutable, globally unique, non-reusable.</auth:Description>
			</auth:ClaimType>
			<auth:ClaimType Uri="http://schemas.microsoft.com/identity/claims/tenantid" xmlns:auth="http://docs.oasis-open.org/wsfed/authorization/200706">
				<auth:DisplayName>TenantId</auth:DisplayName>
				<auth:Description>Identifier for the user's tenant.</auth:Description>
			</auth:ClaimType>
			<auth:ClaimType Uri="http://schemas.microsoft.com/identity/claims/identityprovider" xmlns:auth="http://docs.oasis-open.org/wsfed/authorization/200706">
				<auth:DisplayName>IdentityProvider</auth:DisplayName>
				<auth:Description>Identity provider for the user.</auth:Description>
			</auth:ClaimType>
			<auth:ClaimType Uri="http://schemas.xmlsoap.org/ws/2005/05/identity/claims/emailaddress" xmlns:auth="http://docs.oasis-open.org/wsfed/authorization/200706">
				<auth:DisplayName>Email</auth:DisplayName>
				<auth:Description>Email address of the user.</auth:Description>
			</auth:ClaimType>
			<auth:ClaimType Uri="http://schemas.microsoft.com/ws/2008/06/identity/claims/groups" xmlns:auth="http://docs.oasis-open.org/wsfed/authorization/200706">
				<auth:DisplayName>Groups</auth:DisplayName>
				<auth:Description>Groups of the user.</auth:Description>
			</auth:ClaimType>
			<auth:ClaimType Uri="http://schemas.microsoft.com/identity/claims/accesstoken" xmlns:auth="http://docs.oasis-open.org/wsfed/authorization/200706">
				<auth:DisplayName>External Access Token</auth:DisplayName>
				<auth:Description>Access token issued by external identity provider.</auth:Description>
			</auth:ClaimType>
			<auth:ClaimType Uri="http://schemas.microsoft.com/ws/2008/06/identity/claims/expiration" xmlns:auth="http://docs.oasis-open.org/wsfed/authorization/200706">
				<auth:DisplayName>External Access Token Expiration</auth:DisplayName>
				<auth:Description>UTC expiration time of access token issued by external identity provider.</auth:Description>
			</auth:ClaimType>
			<auth:ClaimType Uri="http://schemas.microsoft.com/identity/claims/openid2_id" xmlns:auth="http://docs.oasis-open.org/wsfed/authorization/200706">
				<auth:DisplayName>External OpenID 2.0 Identifier</auth:DisplayName>
				<auth:Description>OpenID 2.0 identifier issued by external identity provider.</auth:Description>
			</auth:ClaimType>
			<auth:ClaimType Uri="http://schemas.microsoft.com/claims/groups.link" xmlns:auth="http://docs.oasis-open.org/wsfed/authorization/200706">
				<auth:DisplayName>GroupsOverageClaim</auth:DisplayName>
				<auth:Description>Issued when number of user's group claims exceeds return limit.</auth:Description>
			</auth:ClaimType>
			<auth:ClaimType Uri="http://schemas.microsoft.com/ws/2008/06/identity/claims/role" xmlns:auth="http://docs.oasis-open.org/wsfed/authorization/200706">
				<auth:DisplayName>Role Claim</auth:DisplayName>
				<auth:Description>Roles that the user or Service Principal is attached to</auth:Description>
			</auth:ClaimType>
			<auth:ClaimType Uri="http://schemas.microsoft.com/ws/2008/06/identity/claims/wids" xmlns:auth="http://docs.oasis-open.org/wsfed/authorization/200706">
				<auth:DisplayName>RoleTemplate Id Claim</auth:DisplayName>
				<auth:Description>Role template id of the Built-in Directory Roles that the user is a member of</auth:Description>
			</auth:ClaimType>
		</fed:ClaimTypesOffered>
		<fed:SecurityTokenServiceEndpoint>
			<wsa:EndpointReference xmlns:wsa="http://www.w3.org/2005/08/addressing">
				<wsa:Address>https://login.microsoftonline.com/873700c6-9816-4140-84ee-2d8292bf32e3/wsfed</wsa:Address>
			</wsa:EndpointReference>
		</fed:SecurityTokenServiceEndpoint>
		<fed:PassiveRequestorEndpoint>
			<wsa:EndpointReference xmlns:wsa="http://www.w3.org/2005/08/addressing">
				<wsa:Address>https://login.microsoftonline.com/873700c6-9816-4140-84ee-2d8292bf32e3/wsfed</wsa:Address>
			</wsa:EndpointReference>
		</fed:PassiveRequestorEndpoint>
	</RoleDescriptor>
	<RoleDescriptor xsi:type="fed:ApplicationServiceType" protocolSupportEnumeration="http://docs.oasis-open.org/wsfed/federation/200706" xmlns:xsi="http://www.w3.org/2001/XMLSchema-instance" xmlns:fed="http://docs.oasis-open.org/wsfed/federation/200706">
		<KeyDescriptor use="signing">
			<KeyInfo xmlns="http://www.w3.org/2000/09/xmldsig#">
				<X509Data>
					<X509Certificate>MIIC8DCCAdigAwIBAgIQW/QRrToH/INHSOaGwJGCfjANBgkqhkiG9w0BAQsFADA0MTIwMAYDVQQDEylNaWNyb3NvZnQgQXp1cmUgRmVkZXJhdGVkIFNTTyBDZXJ0aWZpY2F0ZTAeFw0yNDAzMjQxNjAyMTdaFw0yNzAzMjQxNjAyMTdaMDQxMjAwBgNVBAMTKU1pY3Jvc29mdCBBenVyZSBGZWRlcmF0ZWQgU1NPIENlcnRpZmljYXRlMIIBIjANBgkqhkiG9w0BAQEFAAOCAQ8AMIIBCgKCAQEAzG9RcLNf8VtD36BSpSftgQmNocOovGvhY5FhEQMS041YnWvWxhVkUA3mMFNRCqhroyeZymNKB4l/wbU0Qh29QkgyVBUTeLtBOIsGjSkVEyxZOXWryb0hTGxuxUhYeo8HsdK8GRBssnGSuQ2WbMKzOlWD2HP10N5ErMXVKSB7EfCTeBH1SfaYbUXGJ3wbto+R8/xtGSFCxrjZetBp14+Iqu1TrKGS39L5r40my288ijCOKBzTFeUYn/RIDuHIMQMvqF5AzH7D9ThvuwMGwc7/k+McAI73eP7fl+mk0soJCrng4PfWzMKKGDSjky8+Xd8OzY/pQsJX3yHSwFf0wXSjcQIDAQABMA0GCSqGSIb3DQEBCwUAA4IBAQAG4A7181MSeJ0/7i3JupChrq0cPYdCvgxlXQelgcsYOpHAfkL0RI5vLtkIEJJOEyal2/rFpJL+dg82tk0UmjaB+7tpUNDNIvsjKui7DvL65vkol36PwHcWhWVHGwe9CfhkeyLy3XYw4vw4O+dcvaMKc2E2IXXXOTRD76dWyUwLCahohh2FFD0bPqLeyPRIVi8y8bKv1sF4mFNOGj7XRDJuq1HwOAyUTJNqP/WpKSa35c0NYUIy+QUnvgmzB6UjmwbG6/giYUeMDktwMUXHZRsF0bJWUJYOEq0TnkpUZcEYWVuGDu4FEUr5gTE6mX4HDhDYiVsSXpuGIPz7WytU8P6z</X509Certificate>
				</X509Data>
			</KeyInfo>
		</KeyDescriptor>
		<fed:TargetScopes>
			<wsa:EndpointReference xmlns:wsa="http://www.w3.org/2005/08/addressing">
				<wsa:Address>https://sts.windows.net/873700c6-9816-4140-84ee-2d8292bf32e3/</wsa:Address>
			</wsa:EndpointReference>
		</fed:TargetScopes>
		<fed:ApplicationServiceEndpoint>
			<wsa:EndpointReference xmlns:wsa="http://www.w3.org/2005/08/addressing">
				<wsa:Address>https://login.microsoftonline.com/873700c6-9816-4140-84ee-2d8292bf32e3/wsfed</wsa:Address>
			</wsa:EndpointReference>
		</fed:ApplicationServiceEndpoint>
		<fed:PassiveRequestorEndpoint>
			<wsa:EndpointReference xmlns:wsa="http://www.w3.org/2005/08/addressing">
				<wsa:Address>https://login.microsoftonline.com/873700c6-9816-4140-84ee-2d8292bf32e3/wsfed</wsa:Address>
			</wsa:EndpointReference>
		</fed:PassiveRequestorEndpoint>
	</RoleDescriptor>
	<IDPSSODescriptor protocolSupportEnumeration="urn:oasis:names:tc:SAML:2.0:protocol">
		<KeyDescriptor use="signing">
			<KeyInfo xmlns="http://www.w3.org/2000/09/xmldsig#">
				<X509Data>
					<X509Certificate>MIIC8DCCAdigAwIBAgIQW/QRrToH/INHSOaGwJGCfjANBgkqhkiG9w0BAQsFADA0MTIwMAYDVQQDEylNaWNyb3NvZnQgQXp1cmUgRmVkZXJhdGVkIFNTTyBDZXJ0aWZpY2F0ZTAeFw0yNDAzMjQxNjAyMTdaFw0yNzAzMjQxNjAyMTdaMDQxMjAwBgNVBAMTKU1pY3Jvc29mdCBBenVyZSBGZWRlcmF0ZWQgU1NPIENlcnRpZmljYXRlMIIBIjANBgkqhkiG9w0BAQEFAAOCAQ8AMIIBCgKCAQEAzG9RcLNf8VtD36BSpSftgQmNocOovGvhY5FhEQMS041YnWvWxhVkUA3mMFNRCqhroyeZymNKB4l/wbU0Qh29QkgyVBUTeLtBOIsGjSkVEyxZOXWryb0hTGxuxUhYeo8HsdK8GRBssnGSuQ2WbMKzOlWD2HP10N5ErMXVKSB7EfCTeBH1SfaYbUXGJ3wbto+R8/xtGSFCxrjZetBp14+Iqu1TrKGS39L5r40my288ijCOKBzTFeUYn/RIDuHIMQMvqF5AzH7D9ThvuwMGwc7/k+McAI73eP7fl+mk0soJCrng4PfWzMKKGDSjky8+Xd8OzY/pQsJX3yHSwFf0wXSjcQIDAQABMA0GCSqGSIb3DQEBCwUAA4IBAQAG4A7181MSeJ0/7i3JupChrq0cPYdCvgxlXQelgcsYOpHAfkL0RI5vLtkIEJJOEyal2/rFpJL+dg82tk0UmjaB+7tpUNDNIvsjKui7DvL65vkol36PwHcWhWVHGwe9CfhkeyLy3XYw4vw4O+dcvaMKc2E2IXXXOTRD76dWyUwLCahohh2FFD0bPqLeyPRIVi8y8bKv1sF4mFNOGj7XRDJuq1HwOAyUTJNqP/WpKSa35c0NYUIy+QUnvgmzB6UjmwbG6/giYUeMDktwMUXHZRsF0bJWUJYOEq0TnkpUZcEYWVuGDu4FEUr5gTE6mX4HDhDYiVsSXpuGIPz7WytU8P6z</X509Certificate>
				</X509Data>
			</KeyInfo>
		</KeyDescriptor>
		<SingleLogoutService Binding="urn:oasis:names:tc:SAML:2.0:bindings:HTTP-Redirect" Location="https://login.microsoftonline.com/873700c6-9816-4140-84ee-2d8292bf32e3/saml2" />
		<SingleSignOnService Binding="urn:oasis:names:tc:SAML:2.0:bindings:HTTP-Redirect" Location="https://login.microsoftonline.com/873700c6-9816-4140-84ee-2d8292bf32e3/saml2" />
		<SingleSignOnService Binding="urn:oasis:names:tc:SAML:2.0:bindings:HTTP-POST" Location="https://login.microsoftonline.com/873700c6-9816-4140-84ee-2d8292bf32e3/saml2" />
	</IDPSSODescriptor>
</EntityDescriptor>